Thu Dec 16 13:10:02 EST 2021
Predicting price movement for: 2021-12-16
Loading word weights
['-', 'ads', '0.0', '12', '24']
['-', 'and', '0.0', '30', '24']
['-', 'alternatives', '0.0', '12', '0']
['-', 'according', '0.0', '12', '0']
['-', 'asset', '0.0', '24', '0']
['-', 'activision', '0.0', '24', '0']
['-', 'amd', '0.0', '30', '0']
['-', 'after', '0.0', '29', '0']
['-', 'ahead', '0.0', '13', '0']
['-', 'apple', '0.0', '14', '0']
['-', 'augmented', '0.0', '12', '0']
['-', 'advantage', '0.0', '24', '24']
['-', 'all', '0.0', '13', '24']
['-', 'arm', '0.0', '12', '24']
['-', 'announces', '0.0', '12', '24']
['-', 'availability', '0.0', '12', '24']
['-', 'advisers', '0.0', '12', '0']
['-', 'adobe', '0.0', '3', '0']
['-', 'adbe', '0.0', '1', '0']
['-', 'advanced', '0.0', '4', '0']
['-', 'accommodative', '0.0', '1', '0']
['-', 'acquire', '0.0', '1', '0']
['-', 'amon', '0.0', '1', '0']
['-', 'adds', '0.0', '2', '0']
['-', 'again', '0.0', '1', '0']
['-', 'app', '0.0', '1', '0']
['-', 'amazon', '0.0', '1', '0']
['-', 'amzn', '0.0', '1', '0']
['-', 'asia', '0.0', '1', '0']
['-', 'aws', '0.0', '1', '0']
['-', 'amat', '0.0', '1', '0']
['-', 'among', '0.0', '1', '0']
['-', 'approve', '0.0', '1', '0']
['-', 'are', '0.0', '1', '0']
['-', 'advisor', '0.0', '1', '0']
['-', 'buys', '0.0', '140', '120']
['-', 'biggest', '0.0', '13', '24']
['-', 'bill', '0.0', '12', '24']
['-', 'baxter', '0.0', '12', '24']
['-', 'buyback', '0.0', '12', '0']
['-', 'boost', '0.0', '12', '0']
['-', 'bitcoin', '0.0', '12', '0']
['-', 'buy', '0.0', '67', '24']
['-', 'billionaire', '0.0', '12', '0']
['-', 'business', '0.0', '24', '0']
['-', 'blizzard', '0.0', '24', '0']
['-', 'beat', '0.0', '12', '0']
['-', 'booking', '0.0', '12', '24']
['-', 'blackrock', '0.0', '12', '24']
['-', 'band', '0.0', '12', '24']
['-', 'beach', '0.0', '12', '24']
['-', 'bumblebee', '0.0', '12', '24']
['-', 'base', '0.0', '1', '0']
['-', 'banks', '0.0', '1', '0']
['-', 'bans', '0.0', '1', '0']
['-', 'blink', '0.0', '1', '0']
['-', 'balanced', '0.0', '1', '0']
['-', 'before', '0.0', '2', '0']
['-', 'boosts', '0.0', '1', '0']
['-', 'best', '0.0', '1', '0']
['-', 'byju', '0.0', '1', '0']
['-', 'bought', '0.0', '1', '0']
['-', 'brown', '0.0', '1', '0']
['-', 'banned', '0.0', '1', '0']
['-', 'black', '0.0', '2', '0']
['-', 'businesses', '0.0', '1', '0']
['-', 'bounce', '0.0', '1', '0']
['-', 'big', '0.0', '1', '0']
['-', 'but', '0.0', '1', '0']
['-', 'builders', '0.0', '2', '0']
['-', 'croci', '0.0', '48', '48']
['-', 'climbed', '0.0', '12', '24']
['-', 'calls', '0.0', '12', '24']
['-', 'choice', '0.0', '12', '24']
['-', 'capital', '0.0', '12', '24']
['-', 'companies', '0.0', '36', '24']
['-', 'continue', '0.0', '12', '0']
['-', 'cheap', '0.0', '12', '0']
['-', 'cohen', '0.0', '12', '0']
['-', 'charts', '0.0', '12', '0']
['-', 'corp', '0.0', '37', '24']
['-', 'chipmaker', '0.0', '13', '0']
['-', 'citi', '0.0', '12', '0']
['-', 'cap', '0.0', '12', '24']
['-', 'could', '0.0', '12', '24']
['-', 'concludes', '0.0', '12', '24']
['-', 'creative', '0.0', '1', '0']
['-', 'cloud', '0.0', '1', '0']
['-', 'creator', '0.0', '1', '0']
['-', 'company', '0.0', '2', '0']
['-', 'come', '0.0', '1', '0']
['-', 'can', '0.0', '1', '0']
['-', 'crypto', '0.0', '2', '0']
['-', 'cleared', '0.0', '1', '0']
['-', 'center', '0.0', '1', '0']
['-', 'ceo', '0.0', '1', '0']
['-', 'cristiano', '0.0', '1', '0']
['-', 'creators', '0.0', '1', '0']
['-', 'consider', '0.0', '1', '0']
['-', 'competition', '0.0', '1', '0']
['-', 'conditional', '0.0', '1', '0']
['-', 'content', '0.0', '1', '0']
['-', 'centre', '0.0', '1', '0']
['-', 'cut', '0.0', '1', '0']
['-', 'chain', '0.0', '1', '0']
['-', 'camera', '0.0', '1', '0']
['-', 'catalent', '0.0', '1', '0']
['-', 'china', '0.0', '1', '0']
['-', 'california', '0.0', '1', '0']
['-', 'dws', '0.0', '48', '48']
['-', 'determine', '0.0', '12', '24']
['-', 'dow', '0.0', '51', '0']
['-', 'drops', '0.0', '12', '0']
['-', 'drive', '0.0', '12', '0']
['-', 'deployment', '0.0', '12', '24']
['-', 'devices', '0.0', '2', '0']
['-', 'dividends', '0.0', '1', '0']
['-', 'don', '0.0', '1', '0']
['-', 'digital', '0.0', '1', '0']
['-', 'durable', '0.0', '1', '0']
['-', 'dividend', '0.0', '2', '0']
['-', 'desrosiers', '0.0', '1', '0']
['-', 'divisions', '0.0', '2', '0']
['-', 'dollar', '0.0', '1', '0']
['-', 'down', '0.0', '1', '0']
['-', 'deal', '0.0', '2', '0']
['-', 'dutch', '0.0', '1', '0']
['-', 'data', '0.0', '1', '0']
['-', 'deadline', '0.0', '1', '0']
['-', 'date', '0.0', '1', '0']
['-', 'delaying', '0.0', '1', '0']
['-', 'dives', '0.0', '2', '0']
['-', 'dips', '0.0', '1', '0']
['-', 'etfs', '0.0', '24', '24']
['-', 'environmentally', '0.0', '12', '0']
['-', 'entire', '0.0', '12', '0']
['-', 'earnings', '0.0', '28', '24']
['-', 'expects', '0.0', '12', '0']
['-', 'elon', '0.0', '12', '0']
['-', 'express', '0.0', '1', '0']
['-', 'expand', '0.0', '1', '0']
['-', 'esports', '0.0', '1', '0']
['-', 'etf', '0.0', '2', '0']
['-', 'entertainment', '0.0', '1', '0']
['-', 'expect', '0.0', '1', '0']
['-', 'expert', '0.0', '1', '0']
['-', 'exponential', '0.0', '1', '0']
['-', 'exec', '0.0', '1', '0']
['-', 'exclusive', '0.0', '2', '0']
['-', 'end', '0.0', '2', '0']
['-', 'edison', '0.0', '1', '0']
['-', 'for', '0.0', '58', '72']
['-', 'fund', '0.0', '61', '48']
['-', 'future', '0.0', '12', '24']
['-', 'friendly', '0.0', '12', '0']
['-', 'futures', '0.0', '26', '0']
['-', 'fall', '0.0', '12', '0']
['-', 'fed', '0.0', '55', '0']
['-', 'fix', '0.0', '12', '0']
['-', 'falls', '0.0', '12', '0']
['-', 'fresh', '0.0', '12', '24']
['-', 'facebook', '0.0', '6', '0']
['-', 'facemeta', '0.0', '1', '0']
['-', 'forward', '0.0', '1', '0']
['-', 'flywheels', '0.0', '1', '0']
['-', 'fantastic', '0.0', '1', '0']
['-', 'finally', '0.0', '2', '0']
['-', 'floki', '0.0', '1', '0']
['-', 'face', '0.0', '1', '0']
['-', 'files', '0.0', '2', '0']
['-', 'frenzy', '0.0', '1', '0']
['-', 'fines', '0.0', '1', '0']
['-', 'flash', '0.0', '1', '0']
['-', 'features', '0.0', '1', '0']
['-', 'funds', '0.0', '1', '0']
['-', 'firstsource', '0.0', '2', '0']
['-', 'fidelity', '0.0', '1', '0']
['-', 'factors', '0.0', '1', '0']
['-', 'great', '0.0', '24', '48']
['-', 'glenview', '0.0', '12', '24']
['-', 'growth', '0.0', '15', '0']
['-', 'guidance', '0.0', '14', '0']
['-', 'gamble', '0.0', '24', '48']
['-', 'gartner', '0.0', '12', '0']
['-', 'gaming', '0.0', '2', '0']
['-', 'going', '0.0', '1', '0']
['-', 'gifted', '0.0', '1', '0']
['-', 'group', '0.0', '3', '0']
['-', 'glad', '0.0', '1', '0']
['-', 'goals', '0.0', '1', '0']
['-', 'gains', '0.0', '1', '0']
['-', 'google', '0.0', '1', '0']
['-', 'get', '0.0', '1', '0']
['-', 'gopro', '0.0', '1', '0']
['-', 'gpro', '0.0', '1', '0']
['-', 'gxo', '0.0', '2', '0']
['-', 'holdings', '0.0', '60', '72']
['-', 'heavyweight', '0.0', '12', '0']
['-', 'hot', '0.0', '36', '0']
['-', 'has', '0.0', '14', '24']
['-', 'high', '0.0', '24', '48']
['-', 'harmonic', '0.0', '12', '24']
['-', 'hlit', '0.0', '12', '24']
['-', 'hits', '0.0', '12', '24']
['-', 'hear', '0.0', '12', '24']
['-', 'haul', '0.0', '1', '0']
['-', 'here', '0.0', '1', '0']
['-', 'hit', '0.0', '1', '0']
['-', 'highs', '0.0', '1', '0']
['-', 'higher', '0.0', '1', '0']
['-', 'heading', '0.0', '1', '0']
['-', 'hyve', '0.0', '2', '0']
['-', 'hires', '0.0', '1', '0']
['-', 'hikes', '0.0', '1', '0']
['-', 'have', '0.0', '1', '0']
['-', 'hero', '0.0', '1', '0']
['-', 'investors', '0.0', '36', '48']
['-', 'inc', '0.0', '208', '168']
['-', 'include', '0.0', '12', '24']
['-', 'investment', '0.0', '15', '24']
['-', 'inflation', '0.0', '36', '0']
['-', 'internet', '0.0', '12', '0']
['-', 'international', '0.0', '25', '0']
['-', 'invesco', '0.0', '12', '0']
['-', 'intel', '0.0', '12', '0']
['-', 'its', '0.0', '12', '24']
['-', 'interactive', '0.0', '12', '0']
['-', 'innovation', '0.0', '1', '0']
['-', 'instruments', '0.0', '1', '0']
['-', 'industry', '0.0', '2', '0']
['-', 'inu', '0.0', '1', '0']
['-', 'ipo', '0.0', '2', '0']
['-', 'igniting', '0.0', '1', '0']
['-', 'india', '0.0', '1', '0']
['-', 'inks', '0.0', '1', '0']
['-', 'introduces', '0.0', '1', '0']
['-', 'income', '0.0', '1', '0']
['-', 'johnson', '0.0', '48', '48']
['-', 'jones', '0.0', '51', '0']
['-', 'job', '0.0', '1', '0']
['-', 'joins', '0.0', '1', '0']
['-', 'key', '0.0', '3', '0']
['-', 'kendra', '0.0', '1', '0']
['-', 'kustomer', '0.0', '1', '0']
['-', 'know', '0.0', '1', '0']
['-', 'looms', '0.0', '37', '0']
['-', 'log', '0.0', '12', '0']
['-', 'large', '0.0', '14', '24']
['-', 'life', '0.0', '12', '24']
['-', 'long', '0.0', '1', '0']
['-', 'less', '0.0', '1', '0']
['-', 'like', '0.0', '1', '0']
['-', 'leads', '0.0', '1', '0']
['-', 'loses', '0.0', '2', '0']
['-', 'lobbying', '0.0', '2', '0']
['-', 'likely', '0.0', '1', '0']
['-', 'losses', '0.0', '1', '0']
['-', 'lilly', '0.0', '1', '0']
['-', 'loom', '0.0', '2', '0']
['-', 'launch', '0.0', '1', '0']
['-', 'legion', '0.0', '1', '0']
['-', 'logistics', '0.0', '1', '0']
['-', 'metaverse', '0.0', '51', '72']
['-', 'mean', '0.0', '24', '24']
['-', 'meta', '0.0', '74', '96']
['-', 'monday', '0.0', '12', '24']
['-', 'management', '0.0', '36', '24']
['-', 'meeting', '0.0', '48', '0']
['-', 'musk', '0.0', '48', '0']
['-', 'more', '0.0', '49', '0']
['-', 'microsoft', '0.0', '15', '0']
['-', 'machines', '0.0', '24', '0']
['-', 'main', '0.0', '12', '0']
['-', 'market', '0.0', '14', '0']
['-', 'most', '0.0', '13', '24']
['-', 'mic', '0.0', '12', '24']
['-', 'metrics', '0.0', '2', '0']
['-', 'monster', '0.0', '1', '0']
['-', 'micro', '0.0', '3', '0']
['-', 'morgan', '0.0', '1', '0']
['-', 'merger', '0.0', '1', '0']
['-', 'mexico', '0.0', '1', '0']
['-', 'miss', '0.0', '1', '0']
['-', 'morningstar', '0.0', '1', '0']
['-', 'million', '0.0', '1', '0']
['-', 'micron', '0.0', '4', '0']
['-', 'messenger', '0.0', '1', '0']
['-', 'massive', '0.0', '1', '0']
['-', 'meme', '0.0', '1', '0']
['-', 'minded', '0.0', '1', '0']
['-', 'met', '0.0', '1', '0']
['-', 'msft', '0.0', '1', '0']
['-', 'markets', '0.0', '1', '0']
['-', 'mega', '0.0', '1', '0']
['-', 'move', '0.0', '1', '0']
['-', 'maxar', '0.0', '1', '0']
['-', 'maxr', '0.0', '1', '0']
['-', 'major', '0.0', '1', '0']
['-', 'new', '0.0', '26', '24']
['-', 'nintendo', '0.0', '12', '24']
['-', 'nfts', '0.0', '12', '0']
['-', 'national', '0.0', '12', '24']
['-', 'nvidia', '0.0', '19', '24']
['-', 'near', '0.0', '12', '24']
['-', 'now', '0.0', '3', '0']
['-', 'november', '0.0', '2', '0']
['-', 'nasdaq', '0.0', '3', '0']
['-', 'nvme', '0.0', '2', '0']
['-', 'not', '0.0', '1', '0']
['-', 'nod', '0.0', '1', '0']
['-', 'netherlands', '0.0', '1', '0']
['-', 'neymar', '0.0', '1', '0']
['-', 'normalizations', '0.0', '1', '0']
['-', 'nokia', '0.0', '1', '0']
['-', 'nok', '0.0', '1', '0']
['-', 'note', '0.0', '1', '0']
['-', 'online', '0.0', '12', '24']
['-', 'off', '0.0', '12', '0']
['-', 'ohio', '0.0', '13', '24']
['-', 'over', '0.0', '2', '0']
['-', 'once', '0.0', '2', '0']
['-', 'open', '0.0', '1', '0']
['-', 'owner', '0.0', '1', '0']
['-', 'owned', '0.0', '1', '0']
['-', 'office', '0.0', '2', '0']
['-', 'outpaces', '0.0', '1', '0']
['-', 'omicron', '0.0', '1', '0']
['-', 'our', '0.0', '1', '0']
['-', 'ooredoo', '0.0', '1', '0']
['-', 'platforms', '0.0', '72', '96']
['-', 'plc', '0.0', '13', '24']
['-', 'participate', '0.0', '12', '0']
['-', 'plan', '0.0', '12', '0']
['-', 'point', '0.0', '24', '0']
['-', 'procter', '0.0', '24', '48']
['-', 'portfolio', '0.0', '15', '24']
['-', 'pick', '0.0', '12', '24']
['-', 'peloton', '0.0', '12', '0']
['-', 'paycom', '0.0', '1', '0']
['-', 'president', '0.0', '1', '0']
['-', 'polaris', '0.0', '2', '0']
['-', 'publicly', '0.0', '1', '0']
['-', 'powerful', '0.0', '2', '0']
['-', 'properly', '0.0', '1', '0']
['-', 'pacific', '0.0', '1', '0']
['-', 'popped', '0.0', '2', '0']
['-', 'public', '0.0', '2', '0']
['-', 'prices', '0.0', '1', '0']
['-', 'payouts', '0.0', '1', '0']
['-', 'picks', '0.0', '2', '0']
['-', 'provide', '0.0', '1', '0']
['-', 'question', '0.0', '12', '24']
['-', 'quarter', '0.0', '12', '0']
['-', 'qualcomm', '0.0', '40', '72']
['-', 'qcom', '0.0', '13', '24']
['-', 'quitting', '0.0', '2', '0']
['-', 'reasons', '0.0', '24', '48']
['-', 'rules', '0.0', '13', '24']
['-', 'report', '0.0', '48', '0']
['-', 'reverses', '0.0', '12', '0']
['-', 'read', '0.0', '12', '0']
['-', 'rise', '0.0', '14', '0']
['-', 'reality', '0.0', '12', '0']
['-', 'room', '0.0', '12', '24']
['-', 'run', '0.0', '12', '24']
['-', 'roblox', '0.0', '2', '0']
['-', 'right', '0.0', '2', '0']
['-', 'reports', '0.0', '2', '0']
['-', 'rallies', '0.0', '2', '0']
['-', 'rally', '0.0', '3', '0']
['-', 'return', '0.0', '3', '0']
['-', 'rent', '0.0', '1', '0']
['-', 'role', '0.0', '1', '0']
['-', 'rage', '0.0', '1', '0']
['-', 'reach', '0.0', '2', '0']
['-', 'region', '0.0', '1', '0']
['-', 'reddit', '0.0', '2', '0']
['-', 'regulation', '0.0', '1', '0']
['-', 'russia', '0.0', '1', '0']
['-', 'raised', '0.0', '1', '0']
['-', 'roars', '0.0', '1', '0']
['-', 'rival', '0.0', '2', '0']
['-', 'rivian', '0.0', '2', '0']
['-', 'rises', '0.0', '1', '0']
['-', 'russell', '0.0', '1', '0']
['-', 'reject', '0.0', '1', '0']
['-', 'rescue', '0.0', '1', '0']
['-', 'release', '0.0', '1', '0']
['-', 'stock', '0.0', '93', '96']
['-', 'single', '0.0', '12', '24']
['-', 'scam', '0.0', '12', '24']
['-', 'safety', '0.0', '12', '24']
['-', 'synopsys', '0.0', '12', '0']
['-', 'snps', '0.0', '12', '0']
['-', 'shareholders', '0.0', '13', '0']
['-', 'sells', '0.0', '75', '24']
['-', 'shares', '0.0', '37', '0']
['-', 'stocks', '0.0', '29', '0']
['-', 'steve', '0.0', '12', '0']
['-', 'scramble', '0.0', '12', '0']
['-', 'software', '0.0', '13', '0']
['-', 'skids', '0.0', '24', '0']
['-', 'street', '0.0', '12', '0']
['-', 'salesforce', '0.0', '12', '0']
['-', 'storage', '0.0', '12', '24']
['-', 'surged', '0.0', '12', '24']
['-', 'share', '0.0', '12', '24']
['-', 'surprised', '0.0', '12', '24']
['-', 'season', '0.0', '12', '24']
['-', 'ses', '0.0', '12', '24']
['-', 'spectrum', '0.0', '12', '24']
['-', 'still', '0.0', '12', '24']
['-', 'stance', '0.0', '1', '0']
['-', 'stanley', '0.0', '1', '0']
['-', 'super', '0.0', '1', '0']
['-', 'sold', '0.0', '1', '0']
['-', 'synnex', '0.0', '2', '0']
['-', 'snx', '0.0', '2', '0']
['-', 'ssd', '0.0', '2', '0']
['-', 'senior', '0.0', '1', '0']
['-', 'supporting', '0.0', '1', '0']
['-', 'say', '0.0', '2', '0']
['-', 'startup', '0.0', '1', '0']
['-', 'spac', '0.0', '1', '0']
['-', 'sources', '0.0', '2', '0']
['-', 'specific', '0.0', '1', '0']
['-', 'stablecoin', '0.0', '1', '0']
['-', 'set', '0.0', '1', '0']
['-', 'soccer', '0.0', '1', '0']
['-', 'star', '0.0', '1', '0']
['-', 'streaming', '0.0', '1', '0']
['-', 'speeds', '0.0', '2', '0']
['-', 'signals', '0.0', '2', '0']
['-', 'says', '0.0', '2', '0']
['-', 'scraps', '0.0', '1', '0']
['-', 'setting', '0.0', '1', '0']
['-', 'should', '0.0', '1', '0']
['-', 'sets', '0.0', '2', '0']
['-', 'stage', '0.0', '2', '0']
['-', 'supply', '0.0', '1', '0']
['-', 'strategist', '0.0', '1', '0']
['-', 'satellites', '0.0', '1', '0']
['-', 'spring', '0.0', '1', '0']
['-', 'selected', '0.0', '1', '0']
['-', 'solutions', '0.0', '1', '0']
['-', 'shareholder', '0.0', '1', '0']
['-', 'said', '0.0', '1', '0']
['-', 'strategic', '0.0', '1', '0']
['-', 'sonoma', '0.0', '1', '0']
['-', 'series', '0.0', '1', '0']
['-', 'sell', '0.0', '1', '0']
['-', 'technologies', '0.0', '60', '72']
['-', 'the', '0.0', '67', '120']
['-', 'that', '0.0', '37', '48']
['-', 'trillion', '0.0', '13', '24']
['-', 'tighten', '0.0', '12', '24']
['-', 'towers', '0.0', '13', '24']
['-', 'tesla', '0.0', '53', '0']
['-', 'tech', '0.0', '16', '0']
['-', 'threatens', '0.0', '12', '0']
['-', 'third', '0.0', '12', '0']
['-', 'top', '0.0', '15', '24']
['-', 'them', '0.0', '12', '24']
['-', 'this', '0.0', '12', '24']
['-', 'time', '0.0', '13', '24']
['-', 'there', '0.0', '12', '24']
['-', 'turtle', '0.0', '12', '24']
['-', 'token', '0.0', '1', '0']
['-', 'today', '0.0', '3', '0']
['-', 'total', '0.0', '1', '0']
['-', 'their', '0.0', '2', '0']
['-', 'texas', '0.0', '1', '0']
['-', 'tributary', '0.0', '1', '0']
['-', 'twitch', '0.0', '1', '0']
['-', 'talks', '0.0', '1', '0']
['-', 'these', '0.0', '2', '0']
['-', 'twitter', '0.0', '1', '0']
['-', 'tiktok', '0.0', '1', '0']
['-', 'town', '0.0', '1', '0']
['-', 'taper', '0.0', '2', '0']
['-', 'three', '0.0', '1', '0']
['-', 'turnaround', '0.0', '1', '0']
['-', 'than', '0.0', '1', '0']
['-', 'technology', '0.0', '1', '0']
['-', 'uber', '0.0', '12', '24']
['-', 'upgraded', '0.0', '12', '0']
['-', 'uipath', '0.0', '12', '0']
['-', 'ubisoft', '0.0', '1', '0']
['-', 'underrepresented', '0.0', '1', '0']
['-', 'users', '0.0', '1', '0']
['-', 'update', '0.0', '1', '0']
['-', 'vip', '0.0', '25', '24']
['-', 'vulnerability', '0.0', '12', '0']
['-', 'view', '0.0', '12', '0']
['-', 'value', '0.0', '12', '24']
['-', 'vaneck', '0.0', '2', '0']
['-', 'video', '0.0', '1', '0']
['-', 'vertex', '0.0', '2', '0']
['-', 'valuation', '0.0', '1', '0']
['-', 'valuable', '0.0', '1', '0']
['-', 'via', '0.0', '1', '0']
['-', 'what', '0.0', '26', '24']
['-', 'why', '0.0', '38', '48']
['-', 'willis', '0.0', '13', '24']
['-', 'watson', '0.0', '13', '24']
['-', 'wealth', '0.0', '12', '0']
['-', 'watch', '0.0', '13', '0']
['-', 'winners', '0.0', '2', '0']
['-', 'with', '0.0', '3', '0']
['-', 'williams', '0.0', '2', '0']
['-', 'will', '0.0', '2', '0']
['-', 'website', '0.0', '1', '0']
['-', 'working', '0.0', '1', '0']
['-', 'wants', '0.0', '1', '0']
['-', 'win', '0.0', '1', '0']
['-', 'without', '0.0', '1', '0']
['-', 'were', '0.0', '1', '0']
['-', 'wishlists', '0.0', '1', '0']
['-', 'worldview', '0.0', '1', '0']
['-', 'xanthus', '0.0', '12', '0']
['-', 'xilinx', '0.0', '3', '0']
['-', 'xlnx', '0.0', '1', '0']
['-', 'you', '0.0', '4', '0']
['-', 'your', '0.0', '1', '0']
['-', 'year', '0.0', '3', '0']
['-', 'years', '0.0', '1', '0']
{'FB': ['"Meta is the worst company of the year, according to Yahoo Finance readers"', 'Best Oversold Stocks to Buy for December 2021', '"Facebook/Meta is the worst company of the year, Yahoo Finance audience survey finds"', '"VIP Growth Portfolio Buys PayPal Holdings Inc, Meta Platforms Inc, Universal Music Group NV, ..."'], 'MSFT': ["Is Chobani's Employee Stock Ownership Plan a Model for Other Companies?", "Oracle's (ORCL) Growing Cloud Region Footprint to Aid Prospects", 'China-Backed Hackers Manipulate Microsoft Server Software Security Glitch: WSJ', '10 Best Technology Stocks to Buy According to Billionaire Dan Loeb', 'IBM Watson Health Helps Enterprises Implement COVID-19 Testing'], 'AAPL': [], 'NVDA': [], 'AMD': ['"Stock Market News for Dec 16, 2021"', '"Stock Market Mixed After Techs, Nasdaq Fade; Adobe Plunges"', '"Ambarella (AMBA), Autobrains Tie Up to Develop ADAS Solutions"', 'Trimble (TRMB) Strengthens Buildings Segment With AgileAssets', '"Itron (ITRI) Partners EQUANS, Boosts Streetlighting Efforts"', '"Logitech (LOGI), GameChanger Tie Up For Enhanced Video Streaming"'], 'XLNX': [], 'QCOM': ['"Ambarella (AMBA), Autobrains Tie Up to Develop ADAS Solutions"', '"Logitech (LOGI), GameChanger Tie Up For Enhanced Video Streaming"'], 'MU': []}
Analyzing weights
weight_stdev is 0.7248384373908704
weight_stdev_o is 0.787344203593176
weight_average is 0.36011720445105416
weight_average_o is 0.7740345110928513
this is article
"Meta is the worst company of the year, according to Yahoo Finance readers"
this is words in article
['Meta', 'the', 'worst', 'company', 'the', 'year', 'according', 'Yahoo', 'Finance', 'readers']
this is article
Best Oversold Stocks to Buy for December 2021
this is words in article
['Best', 'Oversold', 'Stocks', 'Buy', 'for', 'December']
this is article
"Facebook/Meta is the worst company of the year, Yahoo Finance audience survey finds"
this is words in article
['Facebook', 'Meta', 'the', 'worst', 'company', 'the', 'year', 'Yahoo', 'Finance', 'audience', 'survey', 'finds']
this is article
"VIP Growth Portfolio Buys PayPal Holdings Inc, Meta Platforms Inc, Universal Music Group NV, ..."
this is words in article
['VIP', 'Growth', 'Portfolio', 'Buys', 'PayPal', 'Holdings', 'Inc', 'Meta', 'Platforms', 'Inc', 'Universal', 'Music', 'Group']
stock_rating_sum_pred1 for FB is 17.390783727169037
stock_rating_cnt_pred1 for FB is 12
stock_rating_sum_pred2 for FB is 22.19075076972678
stock_rating_cnt_pred2 for FB is 37
this is article
Is Chobani's Employee Stock Ownership Plan a Model for Other Companies?
this is words in article
['Chobani', 'Employee', 'Stock', 'Ownership', 'Plan', 'Model', 'for', 'Other', 'Companies']
this is article
Oracle's (ORCL) Growing Cloud Region Footprint to Aid Prospects
this is words in article
['Oracle', 'ORCL', 'Growing', 'Cloud', 'Region', 'Footprint', 'Aid', 'Prospects']
this is article
China-Backed Hackers Manipulate Microsoft Server Software Security Glitch: WSJ
this is words in article
['China', 'Backed', 'Hackers', 'Manipulate', 'Microsoft', 'Server', 'Software', 'Security', 'Glitch', 'WSJ']
this is article
10 Best Technology Stocks to Buy According to Billionaire Dan Loeb
this is words in article
['Best', 'Technology', 'Stocks', 'Buy', 'According', 'Billionaire', 'Dan', 'Loeb']
this is article
IBM Watson Health Helps Enterprises Implement COVID-19 Testing
this is words in article
['IBM', 'Watson', 'Health', 'Helps', 'Enterprises', 'Implement', 'COVID', 'Testing']
stock_rating_sum_pred1 for MSFT is 4.119791150093079
stock_rating_cnt_pred1 for MSFT is 3
stock_rating_sum_pred2 for MSFT is 13.168906590853357
stock_rating_cnt_pred2 for MSFT is 41
stock_rating_sum_pred1 for AAPL is 0
stock_rating_cnt_pred1 for AAPL is 0
stock_rating_sum_pred2 for AAPL is 0
stock_rating_cnt_pred2 for AAPL is 0
stock_rating_sum_pred1 for NVDA is 0
stock_rating_cnt_pred1 for NVDA is 0
stock_rating_sum_pred2 for NVDA is 0
stock_rating_cnt_pred2 for NVDA is 0
this is article
"Stock Market News for Dec 16, 2021"
this is words in article
['Stock', 'Market', 'News', 'for', 'Dec']
this is article
"Stock Market Mixed After Techs, Nasdaq Fade; Adobe Plunges"
this is words in article
['Stock', 'Market', 'Mixed', 'After', 'Techs', 'Nasdaq', 'Fade', 'Adobe', 'Plunges']
this is article
"Ambarella (AMBA), Autobrains Tie Up to Develop ADAS Solutions"
this is words in article
['Ambarella', 'AMBA', 'Autobrains', 'Tie', 'Develop', 'ADAS', 'Solutions']
this is article
Trimble (TRMB) Strengthens Buildings Segment With AgileAssets
this is words in article
['Trimble', 'TRMB', 'Strengthens', 'Buildings', 'Segment', 'With', 'AgileAssets']
this is article
"Itron (ITRI) Partners EQUANS, Boosts Streetlighting Efforts"
this is words in article
['Itron', 'ITRI', 'Partners', 'EQUANS', 'Boosts', 'Streetlighting', 'Efforts']
this is article
"Logitech (LOGI), GameChanger Tie Up For Enhanced Video Streaming"
this is words in article
['Logitech', 'LOGI', 'GameChanger', 'Tie', 'For', 'Enhanced', 'Video', 'Streaming']
stock_rating_sum_pred1 for AMD is 4.547274589538574
stock_rating_cnt_pred1 for AMD is 4
stock_rating_sum_pred2 for AMD is 12.92615745111426
stock_rating_cnt_pred2 for AMD is 41
stock_rating_sum_pred1 for XLNX is 0
stock_rating_cnt_pred1 for XLNX is 0
stock_rating_sum_pred2 for XLNX is 0
stock_rating_cnt_pred2 for XLNX is 0
this is article
"Ambarella (AMBA), Autobrains Tie Up to Develop ADAS Solutions"
this is words in article
['Ambarella', 'AMBA', 'Autobrains', 'Tie', 'Develop', 'ADAS', 'Solutions']
this is article
"Logitech (LOGI), GameChanger Tie Up For Enhanced Video Streaming"
this is words in article
['Logitech', 'LOGI', 'GameChanger', 'Tie', 'For', 'Enhanced', 'Video', 'Streaming']
stock_rating_sum_pred1 for QCOM is 1.2413792610168457
stock_rating_cnt_pred1 for QCOM is 1
stock_rating_sum_pred2 for QCOM is 5.202668509978441
stock_rating_cnt_pred2 for QCOM is 15
stock_rating_sum_pred1 for MU is 0
stock_rating_cnt_pred1 for MU is 0
stock_rating_sum_pred2 for MU is 0
stock_rating_cnt_pred2 for MU is 0
PREDICTIONS FOR METHOD 1 BASED ON:
	- AVG:  0.36011720445105416
	- STD:  0.7248384373908704
RATING FOR:  FB
	- STD ABOVE MEAN:  1.5025621112663556
	- RAW VAL RATING:  1.4492319772640865
	- PROBABILITY IS:  0.9335240000209152
	- CORRESPONDS TO:  buy
RATING FOR:  MSFT
	- STD ABOVE MEAN:  1.3977549478385316
	- RAW VAL RATING:  1.3732637166976929
	- PROBABILITY IS:  0.918906666259355
	- CORRESPONDS TO:  buy
RATING FOR:  AAPL
	- STD ABOVE MEAN:  None
	- RAW VAL RATING:  None
	- PROBABILITY IS:  None
	- CORRESPONDS TO:  undecided
RATING FOR:  NVDA
	- STD ABOVE MEAN:  None
	- RAW VAL RATING:  None
	- PROBABILITY IS:  None
	- CORRESPONDS TO:  undecided
RATING FOR:  AMD
	- STD ABOVE MEAN:  1.0715511248677778
	- RAW VAL RATING:  1.1368186473846436
	- PROBABILITY IS:  0.8580391520288168
	- CORRESPONDS TO:  buy
RATING FOR:  XLNX
	- STD ABOVE MEAN:  None
	- RAW VAL RATING:  None
	- PROBABILITY IS:  None
	- CORRESPONDS TO:  undecided
RATING FOR:  QCOM
	- STD ABOVE MEAN:  1.2158048071208585
	- RAW VAL RATING:  1.2413792610168457
	- PROBABILITY IS:  0.8879703564162964
	- CORRESPONDS TO:  buy
RATING FOR:  MU
	- STD ABOVE MEAN:  None
	- RAW VAL RATING:  None
	- PROBABILITY IS:  None
	- CORRESPONDS TO:  undecided
PREDICTIONS FOR METHOD 2 BASED ON:
	- AVG:  0.7740345110928513
	- STD:  0.787344203593176
RATING FOR:  FB
	- STD ABOVE MEAN:  -0.2213574310880154
	- RAW VAL RATING:  0.5997500208034264
	- PROBABILITY IS:  0.4124070676657039
	- CORRESPONDS TO:  sell
RATING FOR:  MSFT
	- STD ABOVE MEAN:  -0.5751508239304778
	- RAW VAL RATING:  0.3211928436793502
	- PROBABILITY IS:  0.2825946488490041
	- CORRESPONDS TO:  sell
RATING FOR:  AAPL
	- STD ABOVE MEAN:  None
	- RAW VAL RATING:  None
	- PROBABILITY IS:  None
	- CORRESPONDS TO:  undecided
RATING FOR:  NVDA
	- STD ABOVE MEAN:  None
	- RAW VAL RATING:  None
	- PROBABILITY IS:  None
	- CORRESPONDS TO:  undecided
RATING FOR:  AMD
	- STD ABOVE MEAN:  -0.5826706744587775
	- RAW VAL RATING:  0.31527213295400636
	- PROBABILITY IS:  0.28005750917547045
	- CORRESPONDS TO:  sell
RATING FOR:  XLNX
	- STD ABOVE MEAN:  None
	- RAW VAL RATING:  None
	- PROBABILITY IS:  None
	- CORRESPONDS TO:  undecided
RATING FOR:  QCOM
	- STD ABOVE MEAN:  -0.5425707610615572
	- RAW VAL RATING:  0.34684456733189606
	- PROBABILITY IS:  0.293712687501155
	- CORRESPONDS TO:  sell
RATING FOR:  MU
	- STD ABOVE MEAN:  None
	- RAW VAL RATING:  None
	- PROBABILITY IS:  None
	- CORRESPONDS TO:  undecided

Done
