Thu Dec 16 11:10:02 EST 2021
Predicting price movement for: 2021-12-16
Loading word weights
['-', 'ads', '0.0', '12', '24']
['-', 'and', '0.0', '28', '24']
['-', 'alternatives', '0.0', '12', '0']
['-', 'according', '0.0', '12', '0']
['-', 'asset', '0.0', '24', '0']
['-', 'activision', '0.0', '24', '0']
['-', 'amd', '0.0', '28', '0']
['-', 'after', '0.0', '26', '0']
['-', 'ahead', '0.0', '12', '0']
['-', 'apple', '0.0', '12', '0']
['-', 'augmented', '0.0', '12', '0']
['-', 'advantage', '0.0', '24', '24']
['-', 'all', '0.0', '13', '24']
['-', 'arm', '0.0', '12', '24']
['-', 'announces', '0.0', '12', '24']
['-', 'availability', '0.0', '12', '24']
['-', 'advisers', '0.0', '12', '0']
['-', 'adobe', '0.0', '1', '0']
['-', 'adbe', '0.0', '1', '0']
['-', 'advanced', '0.0', '4', '0']
['-', 'accommodative', '0.0', '1', '0']
['-', 'acquire', '0.0', '1', '0']
['-', 'amon', '0.0', '1', '0']
['-', 'adds', '0.0', '2', '0']
['-', 'again', '0.0', '1', '0']
['-', 'app', '0.0', '1', '0']
['-', 'amazon', '0.0', '1', '0']
['-', 'amzn', '0.0', '1', '0']
['-', 'asia', '0.0', '1', '0']
['-', 'aws', '0.0', '1', '0']
['-', 'amat', '0.0', '1', '0']
['-', 'among', '0.0', '1', '0']
['-', 'buys', '0.0', '137', '120']
['-', 'biggest', '0.0', '12', '24']
['-', 'bill', '0.0', '12', '24']
['-', 'baxter', '0.0', '12', '24']
['-', 'buyback', '0.0', '12', '0']
['-', 'boost', '0.0', '12', '0']
['-', 'bitcoin', '0.0', '12', '0']
['-', 'buy', '0.0', '64', '24']
['-', 'billionaire', '0.0', '12', '0']
['-', 'business', '0.0', '24', '0']
['-', 'blizzard', '0.0', '24', '0']
['-', 'beat', '0.0', '12', '0']
['-', 'booking', '0.0', '12', '24']
['-', 'blackrock', '0.0', '12', '24']
['-', 'band', '0.0', '12', '24']
['-', 'beach', '0.0', '12', '24']
['-', 'bumblebee', '0.0', '12', '24']
['-', 'base', '0.0', '1', '0']
['-', 'banks', '0.0', '1', '0']
['-', 'bans', '0.0', '1', '0']
['-', 'blink', '0.0', '1', '0']
['-', 'balanced', '0.0', '1', '0']
['-', 'before', '0.0', '1', '0']
['-', 'boosts', '0.0', '1', '0']
['-', 'best', '0.0', '1', '0']
['-', 'croci', '0.0', '48', '48']
['-', 'climbed', '0.0', '12', '24']
['-', 'calls', '0.0', '12', '24']
['-', 'choice', '0.0', '12', '24']
['-', 'capital', '0.0', '12', '24']
['-', 'companies', '0.0', '36', '24']
['-', 'continue', '0.0', '12', '0']
['-', 'cheap', '0.0', '12', '0']
['-', 'cohen', '0.0', '12', '0']
['-', 'charts', '0.0', '12', '0']
['-', 'corp', '0.0', '37', '24']
['-', 'chipmaker', '0.0', '12', '0']
['-', 'citi', '0.0', '12', '0']
['-', 'cap', '0.0', '12', '24']
['-', 'could', '0.0', '12', '24']
['-', 'concludes', '0.0', '12', '24']
['-', 'creative', '0.0', '1', '0']
['-', 'cloud', '0.0', '1', '0']
['-', 'creator', '0.0', '1', '0']
['-', 'company', '0.0', '2', '0']
['-', 'come', '0.0', '1', '0']
['-', 'can', '0.0', '1', '0']
['-', 'crypto', '0.0', '1', '0']
['-', 'cleared', '0.0', '1', '0']
['-', 'center', '0.0', '1', '0']
['-', 'ceo', '0.0', '1', '0']
['-', 'cristiano', '0.0', '1', '0']
['-', 'creators', '0.0', '1', '0']
['-', 'consider', '0.0', '1', '0']
['-', 'dws', '0.0', '48', '48']
['-', 'determine', '0.0', '12', '24']
['-', 'dow', '0.0', '48', '0']
['-', 'drops', '0.0', '12', '0']
['-', 'drive', '0.0', '12', '0']
['-', 'deployment', '0.0', '12', '24']
['-', 'devices', '0.0', '2', '0']
['-', 'dividends', '0.0', '1', '0']
['-', 'don', '0.0', '1', '0']
['-', 'digital', '0.0', '1', '0']
['-', 'durable', '0.0', '1', '0']
['-', 'dividend', '0.0', '1', '0']
['-', 'desrosiers', '0.0', '1', '0']
['-', 'divisions', '0.0', '2', '0']
['-', 'dollar', '0.0', '1', '0']
['-', 'down', '0.0', '1', '0']
['-', 'etfs', '0.0', '24', '24']
['-', 'environmentally', '0.0', '12', '0']
['-', 'entire', '0.0', '12', '0']
['-', 'earnings', '0.0', '24', '24']
['-', 'expects', '0.0', '12', '0']
['-', 'elon', '0.0', '12', '0']
['-', 'express', '0.0', '1', '0']
['-', 'expand', '0.0', '1', '0']
['-', 'esports', '0.0', '1', '0']
['-', 'etf', '0.0', '2', '0']
['-', 'entertainment', '0.0', '1', '0']
['-', 'expect', '0.0', '1', '0']
['-', 'expert', '0.0', '1', '0']
['-', 'exponential', '0.0', '1', '0']
['-', 'exec', '0.0', '1', '0']
['-', 'for', '0.0', '50', '72']
['-', 'fund', '0.0', '61', '48']
['-', 'future', '0.0', '12', '24']
['-', 'friendly', '0.0', '12', '0']
['-', 'futures', '0.0', '24', '0']
['-', 'fall', '0.0', '12', '0']
['-', 'fed', '0.0', '49', '0']
['-', 'fix', '0.0', '12', '0']
['-', 'falls', '0.0', '12', '0']
['-', 'fresh', '0.0', '12', '24']
['-', 'facebook', '0.0', '3', '0']
['-', 'facemeta', '0.0', '1', '0']
['-', 'forward', '0.0', '1', '0']
['-', 'flywheels', '0.0', '1', '0']
['-', 'fantastic', '0.0', '1', '0']
['-', 'finally', '0.0', '2', '0']
['-', 'great', '0.0', '24', '48']
['-', 'glenview', '0.0', '12', '24']
['-', 'growth', '0.0', '15', '0']
['-', 'guidance', '0.0', '12', '0']
['-', 'gamble', '0.0', '24', '48']
['-', 'gartner', '0.0', '12', '0']
['-', 'gaming', '0.0', '1', '0']
['-', 'going', '0.0', '1', '0']
['-', 'gifted', '0.0', '1', '0']
['-', 'group', '0.0', '2', '0']
['-', 'holdings', '0.0', '60', '72']
['-', 'heavyweight', '0.0', '12', '0']
['-', 'hot', '0.0', '36', '0']
['-', 'has', '0.0', '13', '24']
['-', 'high', '0.0', '24', '48']
['-', 'harmonic', '0.0', '12', '24']
['-', 'hlit', '0.0', '12', '24']
['-', 'hits', '0.0', '12', '24']
['-', 'hear', '0.0', '12', '24']
['-', 'haul', '0.0', '1', '0']
['-', 'here', '0.0', '1', '0']
['-', 'hit', '0.0', '1', '0']
['-', 'highs', '0.0', '1', '0']
['-', 'higher', '0.0', '1', '0']
['-', 'heading', '0.0', '1', '0']
['-', 'hyve', '0.0', '2', '0']
['-', 'hires', '0.0', '1', '0']
['-', 'investors', '0.0', '36', '48']
['-', 'inc', '0.0', '203', '168']
['-', 'include', '0.0', '12', '24']
['-', 'investment', '0.0', '13', '24']
['-', 'inflation', '0.0', '36', '0']
['-', 'internet', '0.0', '12', '0']
['-', 'international', '0.0', '24', '0']
['-', 'invesco', '0.0', '12', '0']
['-', 'intel', '0.0', '12', '0']
['-', 'its', '0.0', '12', '24']
['-', 'interactive', '0.0', '12', '0']
['-', 'innovation', '0.0', '1', '0']
['-', 'instruments', '0.0', '1', '0']
['-', 'industry', '0.0', '2', '0']
['-', 'johnson', '0.0', '48', '48']
['-', 'jones', '0.0', '48', '0']
['-', 'job', '0.0', '1', '0']
['-', 'key', '0.0', '3', '0']
['-', 'kendra', '0.0', '1', '0']
['-', 'looms', '0.0', '36', '0']
['-', 'log', '0.0', '12', '0']
['-', 'large', '0.0', '14', '24']
['-', 'life', '0.0', '12', '24']
['-', 'long', '0.0', '1', '0']
['-', 'less', '0.0', '1', '0']
['-', 'like', '0.0', '1', '0']
['-', 'leads', '0.0', '1', '0']
['-', 'loses', '0.0', '2', '0']
['-', 'lobbying', '0.0', '2', '0']
['-', 'metaverse', '0.0', '50', '72']
['-', 'mean', '0.0', '24', '24']
['-', 'meta', '0.0', '72', '96']
['-', 'monday', '0.0', '12', '24']
['-', 'management', '0.0', '36', '24']
['-', 'meeting', '0.0', '48', '0']
['-', 'musk', '0.0', '48', '0']
['-', 'more', '0.0', '48', '0']
['-', 'microsoft', '0.0', '12', '0']
['-', 'machines', '0.0', '24', '0']
['-', 'main', '0.0', '12', '0']
['-', 'market', '0.0', '12', '0']
['-', 'most', '0.0', '12', '24']
['-', 'mic', '0.0', '12', '24']
['-', 'metrics', '0.0', '2', '0']
['-', 'monster', '0.0', '1', '0']
['-', 'micro', '0.0', '3', '0']
['-', 'morgan', '0.0', '1', '0']
['-', 'merger', '0.0', '1', '0']
['-', 'mexico', '0.0', '1', '0']
['-', 'miss', '0.0', '1', '0']
['-', 'morningstar', '0.0', '1', '0']
['-', 'million', '0.0', '1', '0']
['-', 'micron', '0.0', '2', '0']
['-', 'messenger', '0.0', '1', '0']
['-', 'new', '0.0', '25', '24']
['-', 'nintendo', '0.0', '12', '24']
['-', 'nfts', '0.0', '12', '0']
['-', 'national', '0.0', '12', '24']
['-', 'nvidia', '0.0', '17', '24']
['-', 'near', '0.0', '12', '24']
['-', 'now', '0.0', '3', '0']
['-', 'november', '0.0', '2', '0']
['-', 'nasdaq', '0.0', '2', '0']
['-', 'nvme', '0.0', '2', '0']
['-', 'not', '0.0', '1', '0']
['-', 'online', '0.0', '12', '24']
['-', 'off', '0.0', '12', '0']
['-', 'ohio', '0.0', '12', '24']
['-', 'over', '0.0', '1', '0']
['-', 'once', '0.0', '2', '0']
['-', 'platforms', '0.0', '72', '96']
['-', 'plc', '0.0', '12', '24']
['-', 'participate', '0.0', '12', '0']
['-', 'plan', '0.0', '12', '0']
['-', 'point', '0.0', '24', '0']
['-', 'procter', '0.0', '24', '48']
['-', 'portfolio', '0.0', '14', '24']
['-', 'pick', '0.0', '12', '24']
['-', 'peloton', '0.0', '12', '0']
['-', 'paycom', '0.0', '1', '0']
['-', 'president', '0.0', '1', '0']
['-', 'polaris', '0.0', '2', '0']
['-', 'publicly', '0.0', '1', '0']
['-', 'powerful', '0.0', '2', '0']
['-', 'properly', '0.0', '1', '0']
['-', 'pacific', '0.0', '1', '0']
['-', 'popped', '0.0', '2', '0']
['-', 'question', '0.0', '12', '24']
['-', 'quarter', '0.0', '12', '0']
['-', 'qualcomm', '0.0', '40', '72']
['-', 'qcom', '0.0', '13', '24']
['-', 'quitting', '0.0', '2', '0']
['-', 'reasons', '0.0', '24', '48']
['-', 'rules', '0.0', '12', '24']
['-', 'report', '0.0', '48', '0']
['-', 'reverses', '0.0', '12', '0']
['-', 'read', '0.0', '12', '0']
['-', 'rise', '0.0', '12', '0']
['-', 'reality', '0.0', '12', '0']
['-', 'room', '0.0', '12', '24']
['-', 'run', '0.0', '12', '24']
['-', 'roblox', '0.0', '2', '0']
['-', 'right', '0.0', '2', '0']
['-', 'reports', '0.0', '2', '0']
['-', 'rallies', '0.0', '1', '0']
['-', 'rally', '0.0', '1', '0']
['-', 'return', '0.0', '1', '0']
['-', 'rent', '0.0', '1', '0']
['-', 'role', '0.0', '1', '0']
['-', 'rage', '0.0', '1', '0']
['-', 'reach', '0.0', '2', '0']
['-', 'region', '0.0', '1', '0']
['-', 'stock', '0.0', '90', '96']
['-', 'single', '0.0', '12', '24']
['-', 'scam', '0.0', '12', '24']
['-', 'safety', '0.0', '12', '24']
['-', 'synopsys', '0.0', '12', '0']
['-', 'snps', '0.0', '12', '0']
['-', 'shareholders', '0.0', '13', '0']
['-', 'sells', '0.0', '74', '24']
['-', 'shares', '0.0', '37', '0']
['-', 'stocks', '0.0', '26', '0']
['-', 'steve', '0.0', '12', '0']
['-', 'scramble', '0.0', '12', '0']
['-', 'software', '0.0', '13', '0']
['-', 'skids', '0.0', '24', '0']
['-', 'street', '0.0', '12', '0']
['-', 'salesforce', '0.0', '12', '0']
['-', 'storage', '0.0', '12', '24']
['-', 'surged', '0.0', '12', '24']
['-', 'share', '0.0', '12', '24']
['-', 'surprised', '0.0', '12', '24']
['-', 'season', '0.0', '12', '24']
['-', 'ses', '0.0', '12', '24']
['-', 'spectrum', '0.0', '12', '24']
['-', 'still', '0.0', '12', '24']
['-', 'stance', '0.0', '1', '0']
['-', 'stanley', '0.0', '1', '0']
['-', 'super', '0.0', '1', '0']
['-', 'sold', '0.0', '1', '0']
['-', 'synnex', '0.0', '2', '0']
['-', 'snx', '0.0', '2', '0']
['-', 'ssd', '0.0', '2', '0']
['-', 'senior', '0.0', '1', '0']
['-', 'supporting', '0.0', '1', '0']
['-', 'say', '0.0', '1', '0']
['-', 'technologies', '0.0', '60', '72']
['-', 'the', '0.0', '64', '120']
['-', 'that', '0.0', '36', '48']
['-', 'trillion', '0.0', '13', '24']
['-', 'tighten', '0.0', '12', '24']
['-', 'towers', '0.0', '12', '24']
['-', 'tesla', '0.0', '51', '0']
['-', 'tech', '0.0', '15', '0']
['-', 'threatens', '0.0', '12', '0']
['-', 'third', '0.0', '12', '0']
['-', 'top', '0.0', '12', '24']
['-', 'them', '0.0', '12', '24']
['-', 'this', '0.0', '12', '24']
['-', 'time', '0.0', '13', '24']
['-', 'there', '0.0', '12', '24']
['-', 'turtle', '0.0', '12', '24']
['-', 'token', '0.0', '1', '0']
['-', 'today', '0.0', '3', '0']
['-', 'total', '0.0', '1', '0']
['-', 'their', '0.0', '1', '0']
['-', 'texas', '0.0', '1', '0']
['-', 'tributary', '0.0', '1', '0']
['-', 'twitch', '0.0', '1', '0']
['-', 'uber', '0.0', '12', '24']
['-', 'upgraded', '0.0', '12', '0']
['-', 'uipath', '0.0', '12', '0']
['-', 'ubisoft', '0.0', '1', '0']
['-', 'underrepresented', '0.0', '1', '0']
['-', 'users', '0.0', '1', '0']
['-', 'vip', '0.0', '24', '24']
['-', 'vulnerability', '0.0', '12', '0']
['-', 'view', '0.0', '12', '0']
['-', 'value', '0.0', '12', '24']
['-', 'vaneck', '0.0', '2', '0']
['-', 'video', '0.0', '1', '0']
['-', 'vertex', '0.0', '2', '0']
['-', 'valuation', '0.0', '1', '0']
['-', 'what', '0.0', '25', '24']
['-', 'why', '0.0', '38', '48']
['-', 'willis', '0.0', '12', '24']
['-', 'watson', '0.0', '12', '24']
['-', 'wealth', '0.0', '12', '0']
['-', 'watch', '0.0', '13', '0']
['-', 'winners', '0.0', '1', '0']
['-', 'with', '0.0', '2', '0']
['-', 'williams', '0.0', '1', '0']
['-', 'will', '0.0', '1', '0']
['-', 'website', '0.0', '1', '0']
['-', 'working', '0.0', '1', '0']
['-', 'xanthus', '0.0', '12', '0']
['-', 'xilinx', '0.0', '3', '0']
['-', 'xlnx', '0.0', '1', '0']
['-', 'you', '0.0', '1', '0']
['-', 'your', '0.0', '1', '0']
{'FB': ['The Floki Inu Metaverse Will Likely Face Massive Competition', 'Reddit Files for IPO After Igniting the Year’s Meme Stock Frenzy', 'India’s Most Valuable Startup Byju’s in Talks to Go Public Via\xa0SPAC Deal: Sources', "3 Stocks You'll Be Glad You Bought at These Prices", '"Ohio\'s Brown wants \'specific\' rules for stablecoin, open-minded on crypto regulation"', '"Exclusive: Facebook to win conditional EU nod for Kustomer buy, sources say"', '"UPDATE 1-Russia fines Twitter, Facebook owner Meta and TikTok over banned content"', 'Reddit files for IPO to go public', '"Dutch town set to approve Meta data centre, biggest in Netherlands"', 'Soccer Star Neymar Jr. Inks Exclusive Facebook Gaming Streaming Deal'], 'MSFT': ['"S&P 500 Cut Losses as Fed Speeds Up Taper, Signals Three Hikes in 2022"', 'S&P 500 Rallies on Tech Turnaround After Fed Speeds Up Taper', 'Microsoft says it has met goals for investment in Black-owned businesses', 'Apple Scraps Office-Return Deadline Without Setting New Date', 'Microsoft (MSFT) Outpaces Stock Market Gains: What You Should Know', '"Apple Joins Microsoft, Google in Delaying Office Return as Omicron Looms"', '3 Dividend Stocks That Have Raised Their Payouts by More Than 40% in 5 Years'], 'AAPL': [], 'NVDA': [], 'AMD': ['Markets Get a Fed Bounce -- and These Mega-Stocks Were Big Winners', 'Fed Sets Stage for a Year-End Rally: 5 Top Picks', '"Dow Jones Futures Rise After Market Roars On Fed Move; AMD, Nvidia, Lilly Flash Buy Signals"', '"Dow Jones Futures Rise, With AMD, Nvidia Up; Adobe Dives On Guidance, Tesla Rival Rivian Earnings Loom"', '"Supply chain normalizations are \'at the top of our wishlists\', strategist says"', '"Dow Jones Rises But Nasdaq Dips; Adobe Dives On Guidance, Tesla Rival Rivian Earnings Loom"'], 'XLNX': [], 'QCOM': ['Fed Sets Stage for a Year-End Rally: 5 Top Picks', 'Maxar (MAXR) to Launch 2 WorldView Legion Satellites in Spring', 'GoPro (GPRO) Introduces Features for HERO10 Black Camera', 'Nokia (NOK) Selected by Ooredoo Group to Provide 5G Solutions'], 'MU': ['"Russell Investment Funds Buys Catalent Inc, Willis Towers Watson PLC, Edison International, ..."', 'China Chipmaker’s Major Shareholder Said to Reject Rescue', '"VIP Strategic Income Portfolio Buys Williams-Sonoma Inc, Builders FirstSource Inc, GXO ..."', '"Fidelity Advisor Series Ii Buys Builders FirstSource Inc, GXO Logistics Inc, Sells California ..."', "Factors to Note Ahead of Micron's (MU) Q1 Earnings Release", 'Micron Technology Stock Before Earnings: Buy or Sell?']}
Analyzing weights
weight_stdev is 0.836551950607031
weight_stdev_o is 0.8006814755769069
weight_average is 0.5346784725864447
weight_average_o is 0.8281318681318681
this is article
The Floki Inu Metaverse Will Likely Face Massive Competition
this is words in article
['The', 'Floki', 'Inu', 'Metaverse', 'Will', 'Likely', 'Face', 'Massive', 'Competition']
this is article
Reddit Files for IPO After Igniting the Year’s Meme Stock Frenzy
this is words in article
['Reddit', 'Files', 'for', 'IPO', 'After', 'Igniting', 'the', 'Year', 'Meme', 'Stock', 'Frenzy']
this is article
India’s Most Valuable Startup Byju’s in Talks to Go Public Via SPAC Deal: Sources
this is words in article
['India', 'Most', 'Valuable', 'Startup', 'Byju', 'Talks', 'Public', 'Via', 'SPAC', 'Deal', 'Sources']
this is article
3 Stocks You'll Be Glad You Bought at These Prices
this is words in article
['Stocks', 'You', 'Glad', 'You', 'Bought', 'These', 'Prices']
this is article
"Ohio's Brown wants 'specific' rules for stablecoin, open-minded on crypto regulation"
this is words in article
['Ohio', 'Brown', 'wants', 'specific', 'rules', 'for', 'stablecoin', 'open', 'minded', 'crypto', 'regulation']
this is article
"Exclusive: Facebook to win conditional EU nod for Kustomer buy, sources say"
this is words in article
['Exclusive', 'Facebook', 'win', 'conditional', 'nod', 'for', 'Kustomer', 'buy', 'sources', 'say']
this is article
"UPDATE 1-Russia fines Twitter, Facebook owner Meta and TikTok over banned content"
this is words in article
['UPDATE', 'Russia', 'fines', 'Twitter', 'Facebook', 'owner', 'Meta', 'and', 'TikTok', 'over', 'banned', 'content']
this is article
Reddit files for IPO to go public
this is words in article
['Reddit', 'files', 'for', 'IPO', 'public']
this is article
"Dutch town set to approve Meta data centre, biggest in Netherlands"
this is words in article
['Dutch', 'town', 'set', 'approve', 'Meta', 'data', 'centre', 'biggest', 'Netherlands']
this is article
Soccer Star Neymar Jr. Inks Exclusive Facebook Gaming Streaming Deal
this is words in article
['Soccer', 'Star', 'Neymar', 'Inks', 'Exclusive', 'Facebook', 'Gaming', 'Streaming', 'Deal']
stock_rating_sum_pred1 for FB is 21.61666703224182
stock_rating_cnt_pred1 for FB is 25
stock_rating_sum_pred2 for FB is 21.99166703224182
stock_rating_cnt_pred2 for FB is 26
this is article
"S&P 500 Cut Losses as Fed Speeds Up Taper, Signals Three Hikes in 2022"
this is words in article
['Cut', 'Losses', 'Fed', 'Speeds', 'Taper', 'Signals', 'Three', 'Hikes']
this is article
S&P 500 Rallies on Tech Turnaround After Fed Speeds Up Taper
this is words in article
['Rallies', 'Tech', 'Turnaround', 'After', 'Fed', 'Speeds', 'Taper']
this is article
Microsoft says it has met goals for investment in Black-owned businesses
this is words in article
['Microsoft', 'says', 'has', 'met', 'goals', 'for', 'investment', 'Black', 'owned', 'businesses']
this is article
Apple Scraps Office-Return Deadline Without Setting New Date
this is words in article
['Apple', 'Scraps', 'Office', 'Return', 'Deadline', 'Without', 'Setting', 'New', 'Date']
this is article
Microsoft (MSFT) Outpaces Stock Market Gains: What You Should Know
this is words in article
['Microsoft', 'MSFT', 'Outpaces', 'Stock', 'Market', 'Gains', 'What', 'You', 'Should', 'Know']
this is article
"Apple Joins Microsoft, Google in Delaying Office Return as Omicron Looms"
this is words in article
['Apple', 'Joins', 'Microsoft', 'Google', 'Delaying', 'Office', 'Return', 'Omicron', 'Looms']
this is article
3 Dividend Stocks That Have Raised Their Payouts by More Than 40% in 5 Years
this is words in article
['Dividend', 'Stocks', 'That', 'Have', 'Raised', 'Their', 'Payouts', 'More', 'Than', 'Years']
stock_rating_sum_pred1 for MSFT is 6.465641140937805
stock_rating_cnt_pred1 for MSFT is 23
stock_rating_sum_pred2 for MSFT is 6.465641140937805
stock_rating_cnt_pred2 for MSFT is 23
stock_rating_sum_pred1 for AAPL is 0
stock_rating_cnt_pred1 for AAPL is 0
stock_rating_sum_pred2 for AAPL is 0
stock_rating_cnt_pred2 for AAPL is 0
stock_rating_sum_pred1 for NVDA is 0
stock_rating_cnt_pred1 for NVDA is 0
stock_rating_sum_pred2 for NVDA is 0
stock_rating_cnt_pred2 for NVDA is 0
this is article
Markets Get a Fed Bounce -- and These Mega-Stocks Were Big Winners
this is words in article
['Markets', 'Get', 'Fed', 'Bounce', 'and', 'These', 'Mega', 'Stocks', 'Were', 'Big', 'Winners']
this is article
Fed Sets Stage for a Year-End Rally: 5 Top Picks
this is words in article
['Fed', 'Sets', 'Stage', 'for', 'Year', 'End', 'Rally', 'Top', 'Picks']
this is article
"Dow Jones Futures Rise After Market Roars On Fed Move; AMD, Nvidia, Lilly Flash Buy Signals"
this is words in article
['Dow', 'Jones', 'Futures', 'Rise', 'After', 'Market', 'Roars', 'Fed', 'Move', 'AMD', 'Nvidia', 'Lilly', 'Flash', 'Buy', 'Signals']
this is article
"Dow Jones Futures Rise, With AMD, Nvidia Up; Adobe Dives On Guidance, Tesla Rival Rivian Earnings Loom"
this is words in article
['Dow', 'Jones', 'Futures', 'Rise', 'With', 'AMD', 'Nvidia', 'Adobe', 'Dives', 'Guidance', 'Tesla', 'Rival', 'Rivian', 'Earnings', 'Loom']
this is article
"Supply chain normalizations are 'at the top of our wishlists', strategist says"
this is words in article
['Supply', 'chain', 'normalizations', 'are', 'the', 'top', 'our', 'wishlists', 'strategist', 'says']
this is article
"Dow Jones Rises But Nasdaq Dips; Adobe Dives On Guidance, Tesla Rival Rivian Earnings Loom"
this is words in article
['Dow', 'Jones', 'Rises', 'But', 'Nasdaq', 'Dips', 'Adobe', 'Dives', 'Guidance', 'Tesla', 'Rival', 'Rivian', 'Earnings', 'Loom']
stock_rating_sum_pred1 for AMD is 10.138529539108276
stock_rating_cnt_pred1 for AMD is 34
stock_rating_sum_pred2 for AMD is 10.513529539108276
stock_rating_cnt_pred2 for AMD is 35
stock_rating_sum_pred1 for XLNX is 0
stock_rating_cnt_pred1 for XLNX is 0
stock_rating_sum_pred2 for XLNX is 0
stock_rating_cnt_pred2 for XLNX is 0
this is article
Fed Sets Stage for a Year-End Rally: 5 Top Picks
this is words in article
['Fed', 'Sets', 'Stage', 'for', 'Year', 'End', 'Rally', 'Top', 'Picks']
this is article
Maxar (MAXR) to Launch 2 WorldView Legion Satellites in Spring
this is words in article
['Maxar', 'MAXR', 'Launch', 'WorldView', 'Legion', 'Satellites', 'Spring']
this is article
GoPro (GPRO) Introduces Features for HERO10 Black Camera
this is words in article
['GoPro', 'GPRO', 'Introduces', 'Features', 'for', 'HERO', 'Black', 'Camera']
this is article
Nokia (NOK) Selected by Ooredoo Group to Provide 5G Solutions
this is words in article
['Nokia', 'NOK', 'Selected', 'Ooredoo', 'Group', 'Provide', 'Solutions']
stock_rating_sum_pred1 for QCOM is 4.880000114440918
stock_rating_cnt_pred1 for QCOM is 6
stock_rating_sum_pred2 for QCOM is 4.880000114440918
stock_rating_cnt_pred2 for QCOM is 6
this is article
"Russell Investment Funds Buys Catalent Inc, Willis Towers Watson PLC, Edison International, ..."
this is words in article
['Russell', 'Investment', 'Funds', 'Buys', 'Catalent', 'Inc', 'Willis', 'Towers', 'Watson', 'PLC', 'Edison', 'International']
this is article
China Chipmaker’s Major Shareholder Said to Reject Rescue
this is words in article
['China', 'Chipmaker', 'Major', 'Shareholder', 'Said', 'Reject', 'Rescue']
this is article
"VIP Strategic Income Portfolio Buys Williams-Sonoma Inc, Builders FirstSource Inc, GXO ..."
this is words in article
['VIP', 'Strategic', 'Income', 'Portfolio', 'Buys', 'Williams', 'Sonoma', 'Inc', 'Builders', 'FirstSource', 'Inc', 'GXO']
this is article
"Fidelity Advisor Series Ii Buys Builders FirstSource Inc, GXO Logistics Inc, Sells California ..."
this is words in article
['Fidelity', 'Advisor', 'Series', 'Buys', 'Builders', 'FirstSource', 'Inc', 'GXO', 'Logistics', 'Inc', 'Sells', 'California']
this is article
Factors to Note Ahead of Micron's (MU) Q1 Earnings Release
this is words in article
['Factors', 'Note', 'Ahead', 'Micron', 'Earnings', 'Release']
this is article
Micron Technology Stock Before Earnings: Buy or Sell?
this is words in article
['Micron', 'Technology', 'Stock', 'Before', 'Earnings', 'Buy', 'Sell']
stock_rating_sum_pred1 for MU is 11.560439586639404
stock_rating_cnt_pred1 for MU is 13
stock_rating_sum_pred2 for MU is 12.259763896465302
stock_rating_cnt_pred2 for MU is 15
PREDICTIONS FOR METHOD 1 BASED ON:
	- AVG:  0.5346784725864447
	- STD:  0.836551950607031
RATING FOR:  FB
	- STD ABOVE MEAN:  0.39446230262660587
	- RAW VAL RATING:  0.8646666812896728
	- PROBABILITY IS:  0.6533801231123364
	- CORRESPONDS TO:  buy
RATING FOR:  MSFT
	- STD ABOVE MEAN:  -0.3031056710677239
	- RAW VAL RATING:  0.2811148322146872
	- PROBABILITY IS:  0.3809046662222468
	- CORRESPONDS TO:  sell
RATING FOR:  AAPL
	- STD ABOVE MEAN:  None
	- RAW VAL RATING:  None
	- PROBABILITY IS:  None
	- CORRESPONDS TO:  undecided
RATING FOR:  NVDA
	- STD ABOVE MEAN:  None
	- RAW VAL RATING:  None
	- PROBABILITY IS:  None
	- CORRESPONDS TO:  undecided
RATING FOR:  AMD
	- STD ABOVE MEAN:  -0.2826918604958742
	- RAW VAL RATING:  0.2981920452678905
	- PROBABILITY IS:  0.3887065281206334
	- CORRESPONDS TO:  sell
RATING FOR:  XLNX
	- STD ABOVE MEAN:  None
	- RAW VAL RATING:  None
	- PROBABILITY IS:  None
	- CORRESPONDS TO:  undecided
RATING FOR:  QCOM
	- STD ABOVE MEAN:  0.3330993127422312
	- RAW VAL RATING:  0.8133333524068197
	- PROBABILITY IS:  0.6304703409283308
	- CORRESPONDS TO:  buy
RATING FOR:  MU
	- STD ABOVE MEAN:  0.42386621744639025
	- RAW VAL RATING:  0.8892645835876465
	- PROBABILITY IS:  0.6641683086147241
	- CORRESPONDS TO:  buy
PREDICTIONS FOR METHOD 2 BASED ON:
	- AVG:  0.8281318681318681
	- STD:  0.8006814755769069
RATING FOR:  FB
	- STD ABOVE MEAN:  0.02210801648594887
	- RAW VAL RATING:  0.8458333473939162
	- PROBABILITY IS:  0.5088191040955289
	- CORRESPONDS TO:  buy
RATING FOR:  MSFT
	- STD ABOVE MEAN:  -0.6831893238482184
	- RAW VAL RATING:  0.2811148322146872
	- PROBABILITY IS:  0.2472436089679939
	- CORRESPONDS TO:  sell
RATING FOR:  AAPL
	- STD ABOVE MEAN:  None
	- RAW VAL RATING:  None
	- PROBABILITY IS:  None
	- CORRESPONDS TO:  undecided
RATING FOR:  NVDA
	- STD ABOVE MEAN:  None
	- RAW VAL RATING:  None
	- PROBABILITY IS:  None
	- CORRESPONDS TO:  undecided
RATING FOR:  AMD
	- STD ABOVE MEAN:  -0.6591201694673661
	- RAW VAL RATING:  0.30038655826023647
	- PROBABILITY IS:  0.25490930238794907
	- CORRESPONDS TO:  sell
RATING FOR:  XLNX
	- STD ABOVE MEAN:  None
	- RAW VAL RATING:  None
	- PROBABILITY IS:  None
	- CORRESPONDS TO:  undecided
RATING FOR:  QCOM
	- STD ABOVE MEAN:  -0.01848240052560951
	- RAW VAL RATING:  0.8133333524068197
	- PROBABILITY IS:  0.49262700875730836
	- CORRESPONDS TO:  sell
RATING FOR:  MU
	- STD ABOVE MEAN:  -0.013506338492956151
	- RAW VAL RATING:  0.8173175930976868
	- PROBABILITY IS:  0.49461191433906804
	- CORRESPONDS TO:  sell

Done
